mode: set
github.com/adamancini/obsidian-notion-sync/internal/cli/conflicts.go:57.13,63.2 4 1
github.com/adamancini/obsidian-notion-sync/internal/cli/conflicts.go:65.60,67.16 2 0
github.com/adamancini/obsidian-notion-sync/internal/cli/conflicts.go:67.16,69.3 1 0
github.com/adamancini/obsidian-notion-sync/internal/cli/conflicts.go:72.2,74.16 3 0
github.com/adamancini/obsidian-notion-sync/internal/cli/conflicts.go:74.16,76.3 1 0
github.com/adamancini/obsidian-notion-sync/internal/cli/conflicts.go:77.2,82.16 4 0
github.com/adamancini/obsidian-notion-sync/internal/cli/conflicts.go:82.16,84.3 1 0
github.com/adamancini/obsidian-notion-sync/internal/cli/conflicts.go:86.2,86.25 1 0
github.com/adamancini/obsidian-notion-sync/internal/cli/conflicts.go:86.25,89.3 2 0
github.com/adamancini/obsidian-notion-sync/internal/cli/conflicts.go:91.2,93.30 2 0
github.com/adamancini/obsidian-notion-sync/internal/cli/conflicts.go:93.30,100.18 4 0
github.com/adamancini/obsidian-notion-sync/internal/cli/conflicts.go:100.18,104.4 3 0
github.com/adamancini/obsidian-notion-sync/internal/cli/conflicts.go:104.9,106.4 1 0
github.com/adamancini/obsidian-notion-sync/internal/cli/conflicts.go:107.3,107.16 1 0
github.com/adamancini/obsidian-notion-sync/internal/cli/conflicts.go:110.2,115.12 5 0
github.com/adamancini/obsidian-notion-sync/internal/cli/conflicts.go:118.58,120.16 2 0
github.com/adamancini/obsidian-notion-sync/internal/cli/conflicts.go:120.16,122.3 1 0
github.com/adamancini/obsidian-notion-sync/internal/cli/conflicts.go:123.2,125.21 2 0
github.com/adamancini/obsidian-notion-sync/internal/cli/conflicts.go:126.33,126.33 0 0
github.com/adamancini/obsidian-notion-sync/internal/cli/conflicts.go:128.10,129.94 1 0
github.com/adamancini/obsidian-notion-sync/internal/cli/conflicts.go:132.2,138.16 5 0
github.com/adamancini/obsidian-notion-sync/internal/cli/conflicts.go:138.16,140.3 1 0
github.com/adamancini/obsidian-notion-sync/internal/cli/conflicts.go:141.2,145.16 3 0
github.com/adamancini/obsidian-notion-sync/internal/cli/conflicts.go:145.16,147.3 1 0
github.com/adamancini/obsidian-notion-sync/internal/cli/conflicts.go:148.2,148.22 1 0
github.com/adamancini/obsidian-notion-sync/internal/cli/conflicts.go:148.22,150.3 1 0
github.com/adamancini/obsidian-notion-sync/internal/cli/conflicts.go:151.2,151.36 1 0
github.com/adamancini/obsidian-notion-sync/internal/cli/conflicts.go:151.36,153.3 1 0
github.com/adamancini/obsidian-notion-sync/internal/cli/conflicts.go:156.2,166.21 5 0
github.com/adamancini/obsidian-notion-sync/internal/cli/conflicts.go:167.15,170.17 2 0
github.com/adamancini/obsidian-notion-sync/internal/cli/conflicts.go:170.17,172.4 1 0
github.com/adamancini/obsidian-notion-sync/internal/cli/conflicts.go:173.3,173.88 1 0
github.com/adamancini/obsidian-notion-sync/internal/cli/conflicts.go:175.16,178.17 2 0
github.com/adamancini/obsidian-notion-sync/internal/cli/conflicts.go:178.17,180.4 1 0
github.com/adamancini/obsidian-notion-sync/internal/cli/conflicts.go:181.3,181.91 1 0
github.com/adamancini/obsidian-notion-sync/internal/cli/conflicts.go:183.14,186.17 2 0
github.com/adamancini/obsidian-notion-sync/internal/cli/conflicts.go:186.17,188.4 1 0
github.com/adamancini/obsidian-notion-sync/internal/cli/conflicts.go:189.3,192.53 4 0
github.com/adamancini/obsidian-notion-sync/internal/cli/conflicts.go:196.2,196.76 1 0
github.com/adamancini/obsidian-notion-sync/internal/cli/conflicts.go:196.76,198.3 1 0
github.com/adamancini/obsidian-notion-sync/internal/cli/conflicts.go:200.2,200.12 1 0
github.com/adamancini/obsidian-notion-sync/internal/cli/conflicts.go:204.192,208.16 3 0
github.com/adamancini/obsidian-notion-sync/internal/cli/conflicts.go:208.16,210.3 1 0
github.com/adamancini/obsidian-notion-sync/internal/cli/conflicts.go:213.2,215.16 3 0
github.com/adamancini/obsidian-notion-sync/internal/cli/conflicts.go:215.16,217.3 1 0
github.com/adamancini/obsidian-notion-sync/internal/cli/conflicts.go:219.2,227.16 3 0
github.com/adamancini/obsidian-notion-sync/internal/cli/conflicts.go:227.16,229.3 1 0
github.com/adamancini/obsidian-notion-sync/internal/cli/conflicts.go:232.2,232.83 1 0
github.com/adamancini/obsidian-notion-sync/internal/cli/conflicts.go:232.83,234.3 1 0
github.com/adamancini/obsidian-notion-sync/internal/cli/conflicts.go:237.2,238.16 2 0
github.com/adamancini/obsidian-notion-sync/internal/cli/conflicts.go:238.16,240.3 1 0
github.com/adamancini/obsidian-notion-sync/internal/cli/conflicts.go:242.2,242.29 1 0
github.com/adamancini/obsidian-notion-sync/internal/cli/conflicts.go:246.193,249.16 2 0
github.com/adamancini/obsidian-notion-sync/internal/cli/conflicts.go:249.16,251.3 1 0
github.com/adamancini/obsidian-notion-sync/internal/cli/conflicts.go:254.2,262.16 3 0
github.com/adamancini/obsidian-notion-sync/internal/cli/conflicts.go:262.16,264.3 1 0
github.com/adamancini/obsidian-notion-sync/internal/cli/conflicts.go:267.2,268.63 2 0
github.com/adamancini/obsidian-notion-sync/internal/cli/conflicts.go:268.63,270.3 1 0
github.com/adamancini/obsidian-notion-sync/internal/cli/conflicts.go:273.2,274.16 2 0
github.com/adamancini/obsidian-notion-sync/internal/cli/conflicts.go:274.16,276.3 1 0
github.com/adamancini/obsidian-notion-sync/internal/cli/conflicts.go:278.2,278.29 1 0
github.com/adamancini/obsidian-notion-sync/internal/cli/conflicts.go:282.191,285.16 2 0
github.com/adamancini/obsidian-notion-sync/internal/cli/conflicts.go:285.16,287.3 1 0
github.com/adamancini/obsidian-notion-sync/internal/cli/conflicts.go:290.2,298.16 3 0
github.com/adamancini/obsidian-notion-sync/internal/cli/conflicts.go:298.16,300.3 1 0
github.com/adamancini/obsidian-notion-sync/internal/cli/conflicts.go:303.2,314.78 5 0
github.com/adamancini/obsidian-notion-sync/internal/cli/conflicts.go:314.78,316.3 1 0
github.com/adamancini/obsidian-notion-sync/internal/cli/conflicts.go:319.2,321.16 3 0
github.com/adamancini/obsidian-notion-sync/internal/cli/conflicts.go:321.16,323.3 1 0
github.com/adamancini/obsidian-notion-sync/internal/cli/conflicts.go:325.2,325.29 1 0
github.com/adamancini/obsidian-notion-sync/internal/cli/init.go:46.13,55.2 7 1
github.com/adamancini/obsidian-notion-sync/internal/cli/init.go:57.55,65.16 5 0
github.com/adamancini/obsidian-notion-sync/internal/cli/init.go:65.16,67.3 1 0
github.com/adamancini/obsidian-notion-sync/internal/cli/init.go:68.2,72.57 3 0
github.com/adamancini/obsidian-notion-sync/internal/cli/init.go:72.57,74.3 1 0
github.com/adamancini/obsidian-notion-sync/internal/cli/init.go:75.2,79.24 3 0
github.com/adamancini/obsidian-notion-sync/internal/cli/init.go:79.24,81.17 2 0
github.com/adamancini/obsidian-notion-sync/internal/cli/init.go:81.17,83.4 1 0
github.com/adamancini/obsidian-notion-sync/internal/cli/init.go:84.3,84.49 1 0
github.com/adamancini/obsidian-notion-sync/internal/cli/init.go:85.8,85.27 1 0
github.com/adamancini/obsidian-notion-sync/internal/cli/init.go:85.27,88.3 2 0
github.com/adamancini/obsidian-notion-sync/internal/cli/init.go:88.8,90.3 1 0
github.com/adamancini/obsidian-notion-sync/internal/cli/init.go:93.2,94.22 2 0
github.com/adamancini/obsidian-notion-sync/internal/cli/init.go:94.22,96.3 1 0
github.com/adamancini/obsidian-notion-sync/internal/cli/init.go:99.2,99.47 1 0
github.com/adamancini/obsidian-notion-sync/internal/cli/init.go:99.47,101.3 1 0
github.com/adamancini/obsidian-notion-sync/internal/cli/init.go:104.2,110.48 6 0
github.com/adamancini/obsidian-notion-sync/internal/cli/init.go:110.48,112.3 1 0
github.com/adamancini/obsidian-notion-sync/internal/cli/init.go:113.2,118.16 4 0
github.com/adamancini/obsidian-notion-sync/internal/cli/init.go:118.16,120.3 1 0
github.com/adamancini/obsidian-notion-sync/internal/cli/init.go:121.2,124.64 2 0
github.com/adamancini/obsidian-notion-sync/internal/cli/init.go:124.64,126.3 1 0
github.com/adamancini/obsidian-notion-sync/internal/cli/init.go:127.2,127.62 1 0
github.com/adamancini/obsidian-notion-sync/internal/cli/init.go:127.62,129.3 1 0
github.com/adamancini/obsidian-notion-sync/internal/cli/init.go:130.2,130.88 1 0
github.com/adamancini/obsidian-notion-sync/internal/cli/init.go:130.88,132.3 1 0
github.com/adamancini/obsidian-notion-sync/internal/cli/init.go:134.2,140.16 5 0
github.com/adamancini/obsidian-notion-sync/internal/cli/init.go:140.16,142.3 1 0
github.com/adamancini/obsidian-notion-sync/internal/cli/init.go:145.2,149.29 4 0
github.com/adamancini/obsidian-notion-sync/internal/cli/init.go:149.29,151.17 2 0
github.com/adamancini/obsidian-notion-sync/internal/cli/init.go:151.17,152.15 1 0
github.com/adamancini/obsidian-notion-sync/internal/cli/init.go:152.15,154.5 1 0
github.com/adamancini/obsidian-notion-sync/internal/cli/init.go:155.4,155.12 1 0
github.com/adamancini/obsidian-notion-sync/internal/cli/init.go:158.3,159.17 2 0
github.com/adamancini/obsidian-notion-sync/internal/cli/init.go:159.17,160.15 1 0
github.com/adamancini/obsidian-notion-sync/internal/cli/init.go:160.15,162.5 1 0
github.com/adamancini/obsidian-notion-sync/internal/cli/init.go:163.4,163.12 1 0
github.com/adamancini/obsidian-notion-sync/internal/cli/init.go:167.3,167.30 1 0
github.com/adamancini/obsidian-notion-sync/internal/cli/init.go:167.30,169.40 2 0
github.com/adamancini/obsidian-notion-sync/internal/cli/init.go:169.40,171.5 1 0
github.com/adamancini/obsidian-notion-sync/internal/cli/init.go:172.4,172.73 1 0
github.com/adamancini/obsidian-notion-sync/internal/cli/init.go:172.73,174.5 1 0
github.com/adamancini/obsidian-notion-sync/internal/cli/init.go:175.4,175.37 1 0
github.com/adamancini/obsidian-notion-sync/internal/cli/init.go:179.3,180.17 2 0
github.com/adamancini/obsidian-notion-sync/internal/cli/init.go:180.17,181.15 1 0
github.com/adamancini/obsidian-notion-sync/internal/cli/init.go:181.15,183.5 1 0
github.com/adamancini/obsidian-notion-sync/internal/cli/init.go:184.4,184.12 1 0
github.com/adamancini/obsidian-notion-sync/internal/cli/init.go:186.3,192.48 2 0
github.com/adamancini/obsidian-notion-sync/internal/cli/init.go:192.48,194.4 1 0
github.com/adamancini/obsidian-notion-sync/internal/cli/init.go:197.2,206.12 8 0
github.com/adamancini/obsidian-notion-sync/internal/cli/init.go:210.62,212.34 1 0
github.com/adamancini/obsidian-notion-sync/internal/cli/init.go:212.34,214.17 2 0
github.com/adamancini/obsidian-notion-sync/internal/cli/init.go:214.17,216.4 1 0
github.com/adamancini/obsidian-notion-sync/internal/cli/init.go:217.3,217.39 1 0
github.com/adamancini/obsidian-notion-sync/internal/cli/init.go:221.2,222.16 2 0
github.com/adamancini/obsidian-notion-sync/internal/cli/init.go:222.16,224.3 1 0
github.com/adamancini/obsidian-notion-sync/internal/cli/init.go:227.2,228.24 2 0
github.com/adamancini/obsidian-notion-sync/internal/cli/init.go:228.24,230.3 1 0
github.com/adamancini/obsidian-notion-sync/internal/cli/init.go:231.2,231.16 1 0
github.com/adamancini/obsidian-notion-sync/internal/cli/init.go:231.16,233.3 1 0
github.com/adamancini/obsidian-notion-sync/internal/cli/init.go:234.2,234.19 1 0
github.com/adamancini/obsidian-notion-sync/internal/cli/init.go:234.19,236.3 1 0
github.com/adamancini/obsidian-notion-sync/internal/cli/init.go:238.2,238.21 1 0
github.com/adamancini/obsidian-notion-sync/internal/cli/init.go:242.76,246.2 2 0
github.com/adamancini/obsidian-notion-sync/internal/cli/init.go:249.99,251.29 1 0
github.com/adamancini/obsidian-notion-sync/internal/cli/init.go:251.29,253.17 2 0
github.com/adamancini/obsidian-notion-sync/internal/cli/init.go:253.17,255.4 1 0
github.com/adamancini/obsidian-notion-sync/internal/cli/init.go:260.2,261.16 2 0
github.com/adamancini/obsidian-notion-sync/internal/cli/init.go:261.16,263.3 1 0
github.com/adamancini/obsidian-notion-sync/internal/cli/init.go:266.2,266.38 1 0
github.com/adamancini/obsidian-notion-sync/internal/cli/init.go:266.38,267.49 1 0
github.com/adamancini/obsidian-notion-sync/internal/cli/init.go:267.49,269.42 2 0
github.com/adamancini/obsidian-notion-sync/internal/cli/init.go:269.42,271.5 1 0
github.com/adamancini/obsidian-notion-sync/internal/cli/init.go:275.2,275.59 1 0
github.com/adamancini/obsidian-notion-sync/internal/cli/init.go:279.35,282.22 2 0
github.com/adamancini/obsidian-notion-sync/internal/cli/init.go:282.22,284.3 1 0
github.com/adamancini/obsidian-notion-sync/internal/cli/init.go:286.2,286.26 1 0
github.com/adamancini/obsidian-notion-sync/internal/cli/init.go:286.26,287.84 1 0
github.com/adamancini/obsidian-notion-sync/internal/cli/init.go:287.84,289.4 1 0
github.com/adamancini/obsidian-notion-sync/internal/cli/init.go:291.2,291.13 1 0
github.com/adamancini/obsidian-notion-sync/internal/cli/init.go:295.58,296.37 1 0
github.com/adamancini/obsidian-notion-sync/internal/cli/init.go:296.37,298.3 1 0
github.com/adamancini/obsidian-notion-sync/internal/cli/init.go:299.2,300.29 2 0
github.com/adamancini/obsidian-notion-sync/internal/cli/init.go:300.29,302.3 1 0
github.com/adamancini/obsidian-notion-sync/internal/cli/init.go:303.2,303.23 1 0
github.com/adamancini/obsidian-notion-sync/internal/cli/links.go:42.13,46.2 3 1
github.com/adamancini/obsidian-notion-sync/internal/cli/links.go:48.56,50.16 2 0
github.com/adamancini/obsidian-notion-sync/internal/cli/links.go:50.16,52.3 1 0
github.com/adamancini/obsidian-notion-sync/internal/cli/links.go:55.2,57.16 3 0
github.com/adamancini/obsidian-notion-sync/internal/cli/links.go:57.16,59.3 1 0
github.com/adamancini/obsidian-notion-sync/internal/cli/links.go:60.2,65.17 3 0
github.com/adamancini/obsidian-notion-sync/internal/cli/links.go:65.17,67.3 1 0
github.com/adamancini/obsidian-notion-sync/internal/cli/links.go:70.2,70.22 1 0
github.com/adamancini/obsidian-notion-sync/internal/cli/links.go:70.22,72.3 1 0
github.com/adamancini/obsidian-notion-sync/internal/cli/links.go:75.2,75.32 1 0
github.com/adamancini/obsidian-notion-sync/internal/cli/links.go:79.56,81.16 2 0
github.com/adamancini/obsidian-notion-sync/internal/cli/links.go:81.16,83.3 1 0
github.com/adamancini/obsidian-notion-sync/internal/cli/links.go:85.2,91.26 6 0
github.com/adamancini/obsidian-notion-sync/internal/cli/links.go:91.26,94.43 3 0
github.com/adamancini/obsidian-notion-sync/internal/cli/links.go:94.43,96.4 1 0
github.com/adamancini/obsidian-notion-sync/internal/cli/links.go:97.3,99.57 3 0
github.com/adamancini/obsidian-notion-sync/internal/cli/links.go:102.2,102.12 1 0
github.com/adamancini/obsidian-notion-sync/internal/cli/links.go:106.62,108.16 2 0
github.com/adamancini/obsidian-notion-sync/internal/cli/links.go:108.16,110.3 1 0
github.com/adamancini/obsidian-notion-sync/internal/cli/links.go:112.2,112.27 1 0
github.com/adamancini/obsidian-notion-sync/internal/cli/links.go:112.27,115.3 2 0
github.com/adamancini/obsidian-notion-sync/internal/cli/links.go:117.2,120.32 3 0
github.com/adamancini/obsidian-notion-sync/internal/cli/links.go:120.32,122.39 2 0
github.com/adamancini/obsidian-notion-sync/internal/cli/links.go:122.39,126.4 2 0
github.com/adamancini/obsidian-notion-sync/internal/cli/links.go:127.3,127.16 1 0
github.com/adamancini/obsidian-notion-sync/internal/cli/links.go:130.2,130.12 1 0
github.com/adamancini/obsidian-notion-sync/internal/cli/links.go:134.70,136.16 2 0
github.com/adamancini/obsidian-notion-sync/internal/cli/links.go:136.16,138.3 1 0
github.com/adamancini/obsidian-notion-sync/internal/cli/links.go:140.2,140.23 1 0
github.com/adamancini/obsidian-notion-sync/internal/cli/links.go:140.23,143.3 2 0
github.com/adamancini/obsidian-notion-sync/internal/cli/links.go:145.2,145.12 1 0
github.com/adamancini/obsidian-notion-sync/internal/cli/links.go:145.12,147.3 1 0
github.com/adamancini/obsidian-notion-sync/internal/cli/links.go:147.8,149.3 1 0
github.com/adamancini/obsidian-notion-sync/internal/cli/links.go:150.2,153.28 3 0
github.com/adamancini/obsidian-notion-sync/internal/cli/links.go:153.28,156.14 3 0
github.com/adamancini/obsidian-notion-sync/internal/cli/links.go:156.14,157.21 1 0
github.com/adamancini/obsidian-notion-sync/internal/cli/links.go:157.21,160.5 2 0
github.com/adamancini/obsidian-notion-sync/internal/cli/links.go:160.10,162.5 1 0
github.com/adamancini/obsidian-notion-sync/internal/cli/links.go:165.3,167.16 3 0
github.com/adamancini/obsidian-notion-sync/internal/cli/links.go:170.2,170.12 1 0
github.com/adamancini/obsidian-notion-sync/internal/cli/links.go:170.12,172.3 1 0
github.com/adamancini/obsidian-notion-sync/internal/cli/links.go:172.8,174.3 1 0
github.com/adamancini/obsidian-notion-sync/internal/cli/links.go:176.2,176.12 1 0
github.com/adamancini/obsidian-notion-sync/internal/cli/links.go:180.50,181.15 1 0
github.com/adamancini/obsidian-notion-sync/internal/cli/links.go:182.24,183.17 1 0
github.com/adamancini/obsidian-notion-sync/internal/cli/links.go:184.34,185.28 1 0
github.com/adamancini/obsidian-notion-sync/internal/cli/links.go:186.25,187.18 1 0
github.com/adamancini/obsidian-notion-sync/internal/cli/links.go:188.24,189.17 1 0
github.com/adamancini/obsidian-notion-sync/internal/cli/links.go:190.10,191.16 1 0
github.com/adamancini/obsidian-notion-sync/internal/cli/pull.go:46.13,51.2 4 1
github.com/adamancini/obsidian-notion-sync/internal/cli/pull.go:53.55,55.16 2 0
github.com/adamancini/obsidian-notion-sync/internal/cli/pull.go:55.16,57.3 1 0
github.com/adamancini/obsidian-notion-sync/internal/cli/pull.go:59.2,65.16 5 0
github.com/adamancini/obsidian-notion-sync/internal/cli/pull.go:65.16,67.3 1 0
github.com/adamancini/obsidian-notion-sync/internal/cli/pull.go:68.2,78.16 4 0
github.com/adamancini/obsidian-notion-sync/internal/cli/pull.go:78.16,80.3 1 0
github.com/adamancini/obsidian-notion-sync/internal/cli/pull.go:83.2,83.20 1 0
github.com/adamancini/obsidian-notion-sync/internal/cli/pull.go:83.20,85.3 1 0
github.com/adamancini/obsidian-notion-sync/internal/cli/pull.go:87.2,87.27 1 0
github.com/adamancini/obsidian-notion-sync/internal/cli/pull.go:87.27,90.3 2 0
github.com/adamancini/obsidian-notion-sync/internal/cli/pull.go:93.2,95.38 3 0
github.com/adamancini/obsidian-notion-sync/internal/cli/pull.go:95.38,97.31 2 0
github.com/adamancini/obsidian-notion-sync/internal/cli/pull.go:97.31,99.4 1 0
github.com/adamancini/obsidian-notion-sync/internal/cli/pull.go:100.3,100.49 1 0
github.com/adamancini/obsidian-notion-sync/internal/cli/pull.go:103.2,104.16 2 0
github.com/adamancini/obsidian-notion-sync/internal/cli/pull.go:104.16,106.33 2 0
github.com/adamancini/obsidian-notion-sync/internal/cli/pull.go:106.33,107.24 1 0
github.com/adamancini/obsidian-notion-sync/internal/cli/pull.go:108.23,109.54 1 0
github.com/adamancini/obsidian-notion-sync/internal/cli/pull.go:110.28,111.54 1 0
github.com/adamancini/obsidian-notion-sync/internal/cli/pull.go:112.27,113.77 1 0
github.com/adamancini/obsidian-notion-sync/internal/cli/pull.go:116.3,116.13 1 0
github.com/adamancini/obsidian-notion-sync/internal/cli/pull.go:120.2,121.32 2 0
github.com/adamancini/obsidian-notion-sync/internal/cli/pull.go:121.32,122.23 1 0
github.com/adamancini/obsidian-notion-sync/internal/cli/pull.go:123.26,124.36 1 0
github.com/adamancini/obsidian-notion-sync/internal/cli/pull.go:125.42,126.40 1 0
github.com/adamancini/obsidian-notion-sync/internal/cli/pull.go:131.2,133.30 3 0
github.com/adamancini/obsidian-notion-sync/internal/cli/pull.go:133.30,134.70 1 0
github.com/adamancini/obsidian-notion-sync/internal/cli/pull.go:134.70,137.12 3 0
github.com/adamancini/obsidian-notion-sync/internal/cli/pull.go:139.3,140.14 2 0
github.com/adamancini/obsidian-notion-sync/internal/cli/pull.go:140.14,142.4 1 0
github.com/adamancini/obsidian-notion-sync/internal/cli/pull.go:146.2,147.26 2 0
github.com/adamancini/obsidian-notion-sync/internal/cli/pull.go:147.26,150.18 2 0
github.com/adamancini/obsidian-notion-sync/internal/cli/pull.go:150.18,152.4 1 0
github.com/adamancini/obsidian-notion-sync/internal/cli/pull.go:153.3,178.34 7 0
github.com/adamancini/obsidian-notion-sync/internal/cli/pull.go:178.34,179.25 1 0
github.com/adamancini/obsidian-notion-sync/internal/cli/pull.go:179.25,182.5 2 0
github.com/adamancini/obsidian-notion-sync/internal/cli/pull.go:182.10,182.34 1 0
github.com/adamancini/obsidian-notion-sync/internal/cli/pull.go:182.34,184.16 2 0
github.com/adamancini/obsidian-notion-sync/internal/cli/pull.go:184.16,186.6 1 0
github.com/adamancini/obsidian-notion-sync/internal/cli/pull.go:187.10,189.16 2 0
github.com/adamancini/obsidian-notion-sync/internal/cli/pull.go:189.16,191.6 1 0
github.com/adamancini/obsidian-notion-sync/internal/cli/pull.go:197.2,201.17 5 0
github.com/adamancini/obsidian-notion-sync/internal/cli/pull.go:201.17,203.3 1 0
github.com/adamancini/obsidian-notion-sync/internal/cli/pull.go:204.2,204.16 1 0
github.com/adamancini/obsidian-notion-sync/internal/cli/pull.go:204.16,206.3 1 0
github.com/adamancini/obsidian-notion-sync/internal/cli/pull.go:208.2,208.12 1 0
github.com/adamancini/obsidian-notion-sync/internal/cli/pull.go:230.119,235.16 3 0
github.com/adamancini/obsidian-notion-sync/internal/cli/pull.go:235.16,237.3 1 0
github.com/adamancini/obsidian-notion-sync/internal/cli/pull.go:240.2,240.27 1 0
github.com/adamancini/obsidian-notion-sync/internal/cli/pull.go:240.27,241.27 1 0
github.com/adamancini/obsidian-notion-sync/internal/cli/pull.go:241.27,242.12 1 0
github.com/adamancini/obsidian-notion-sync/internal/cli/pull.go:246.3,247.17 2 0
github.com/adamancini/obsidian-notion-sync/internal/cli/pull.go:247.17,249.28 1 0
github.com/adamancini/obsidian-notion-sync/internal/cli/pull.go:249.28,256.13 2 0
github.com/adamancini/obsidian-notion-sync/internal/cli/pull.go:259.4,260.12 2 0
github.com/adamancini/obsidian-notion-sync/internal/cli/pull.go:264.3,265.50 2 0
github.com/adamancini/obsidian-notion-sync/internal/cli/pull.go:265.50,273.4 1 0
github.com/adamancini/obsidian-notion-sync/internal/cli/pull.go:277.2,277.38 1 0
github.com/adamancini/obsidian-notion-sync/internal/cli/pull.go:277.38,279.17 2 0
github.com/adamancini/obsidian-notion-sync/internal/cli/pull.go:279.17,281.4 1 0
github.com/adamancini/obsidian-notion-sync/internal/cli/pull.go:281.9,283.4 1 0
github.com/adamancini/obsidian-notion-sync/internal/cli/pull.go:286.2,286.19 1 0
github.com/adamancini/obsidian-notion-sync/internal/cli/pull.go:290.121,295.16 3 0
github.com/adamancini/obsidian-notion-sync/internal/cli/pull.go:295.16,297.3 1 0
github.com/adamancini/obsidian-notion-sync/internal/cli/pull.go:299.2,299.38 1 0
github.com/adamancini/obsidian-notion-sync/internal/cli/pull.go:299.38,304.22 3 0
github.com/adamancini/obsidian-notion-sync/internal/cli/pull.go:304.22,305.12 1 0
github.com/adamancini/obsidian-notion-sync/internal/cli/pull.go:309.3,310.18 2 0
github.com/adamancini/obsidian-notion-sync/internal/cli/pull.go:310.18,312.4 1 0
github.com/adamancini/obsidian-notion-sync/internal/cli/pull.go:315.3,322.5 2 0
github.com/adamancini/obsidian-notion-sync/internal/cli/pull.go:325.2,325.19 1 0
github.com/adamancini/obsidian-notion-sync/internal/cli/pull.go:329.54,330.29 1 0
github.com/adamancini/obsidian-notion-sync/internal/cli/pull.go:330.29,331.59 1 0
github.com/adamancini/obsidian-notion-sync/internal/cli/pull.go:331.59,332.32 1 0
github.com/adamancini/obsidian-notion-sync/internal/cli/pull.go:332.32,334.5 1 0
github.com/adamancini/obsidian-notion-sync/internal/cli/pull.go:337.2,337.11 1 0
github.com/adamancini/obsidian-notion-sync/internal/cli/pull.go:341.44,345.31 3 0
github.com/adamancini/obsidian-notion-sync/internal/cli/pull.go:345.31,347.3 1 0
github.com/adamancini/obsidian-notion-sync/internal/cli/pull.go:349.2,351.18 3 0
github.com/adamancini/obsidian-notion-sync/internal/cli/pull.go:351.18,353.3 1 0
github.com/adamancini/obsidian-notion-sync/internal/cli/pull.go:354.2,354.15 1 0
github.com/adamancini/obsidian-notion-sync/internal/cli/pull.go:358.68,360.26 2 0
github.com/adamancini/obsidian-notion-sync/internal/cli/pull.go:360.26,362.14 2 0
github.com/adamancini/obsidian-notion-sync/internal/cli/pull.go:362.14,364.4 1 0
github.com/adamancini/obsidian-notion-sync/internal/cli/pull.go:366.2,366.17 1 0
github.com/adamancini/obsidian-notion-sync/internal/cli/pull.go:370.52,372.26 2 0
github.com/adamancini/obsidian-notion-sync/internal/cli/pull.go:372.26,373.53 1 0
github.com/adamancini/obsidian-notion-sync/internal/cli/pull.go:373.53,375.4 1 0
github.com/adamancini/obsidian-notion-sync/internal/cli/pull.go:377.2,377.18 1 0
github.com/adamancini/obsidian-notion-sync/internal/cli/pull.go:381.111,383.20 2 0
github.com/adamancini/obsidian-notion-sync/internal/cli/pull.go:383.20,385.3 1 0
github.com/adamancini/obsidian-notion-sync/internal/cli/pull.go:387.2,387.18 1 0
github.com/adamancini/obsidian-notion-sync/internal/cli/pull.go:388.17,393.70 3 0
github.com/adamancini/obsidian-notion-sync/internal/cli/pull.go:393.70,395.4 1 0
github.com/adamancini/obsidian-notion-sync/internal/cli/pull.go:397.3,397.81 1 0
github.com/adamancini/obsidian-notion-sync/internal/cli/pull.go:397.81,399.4 1 0
github.com/adamancini/obsidian-notion-sync/internal/cli/pull.go:401.16,404.68 2 0
github.com/adamancini/obsidian-notion-sync/internal/cli/pull.go:404.68,406.4 1 0
github.com/adamancini/obsidian-notion-sync/internal/cli/pull.go:408.16,408.16 0 0
github.com/adamancini/obsidian-notion-sync/internal/cli/pull.go:410.10,411.63 1 0
github.com/adamancini/obsidian-notion-sync/internal/cli/pull.go:415.2,415.52 1 0
github.com/adamancini/obsidian-notion-sync/internal/cli/pull.go:415.52,417.3 1 0
github.com/adamancini/obsidian-notion-sync/internal/cli/pull.go:420.2,422.12 2 0
github.com/adamancini/obsidian-notion-sync/internal/cli/pull.go:426.38,427.16 1 0
github.com/adamancini/obsidian-notion-sync/internal/cli/pull.go:427.16,429.3 1 0
github.com/adamancini/obsidian-notion-sync/internal/cli/pull.go:430.2,433.34 2 0
github.com/adamancini/obsidian-notion-sync/internal/cli/pull.go:451.89,454.16 2 0
github.com/adamancini/obsidian-notion-sync/internal/cli/pull.go:454.16,456.3 1 0
github.com/adamancini/obsidian-notion-sync/internal/cli/pull.go:459.2,460.16 2 0
github.com/adamancini/obsidian-notion-sync/internal/cli/pull.go:460.16,462.3 1 0
github.com/adamancini/obsidian-notion-sync/internal/cli/pull.go:465.2,466.66 2 0
github.com/adamancini/obsidian-notion-sync/internal/cli/pull.go:466.66,468.3 1 0
github.com/adamancini/obsidian-notion-sync/internal/cli/pull.go:471.2,471.63 1 0
github.com/adamancini/obsidian-notion-sync/internal/cli/pull.go:471.63,473.3 1 0
github.com/adamancini/obsidian-notion-sync/internal/cli/pull.go:476.2,479.21 4 0
github.com/adamancini/obsidian-notion-sync/internal/cli/pull.go:479.21,481.3 1 0
github.com/adamancini/obsidian-notion-sync/internal/cli/pull.go:483.2,484.22 2 0
github.com/adamancini/obsidian-notion-sync/internal/cli/pull.go:484.22,489.3 1 0
github.com/adamancini/obsidian-notion-sync/internal/cli/pull.go:490.2,497.50 7 0
github.com/adamancini/obsidian-notion-sync/internal/cli/pull.go:497.50,499.3 1 0
github.com/adamancini/obsidian-notion-sync/internal/cli/pull.go:501.2,501.62 1 0
github.com/adamancini/obsidian-notion-sync/internal/cli/push.go:47.13,52.2 4 1
github.com/adamancini/obsidian-notion-sync/internal/cli/push.go:54.55,56.16 2 0
github.com/adamancini/obsidian-notion-sync/internal/cli/push.go:56.16,58.3 1 0
github.com/adamancini/obsidian-notion-sync/internal/cli/push.go:60.2,66.16 5 0
github.com/adamancini/obsidian-notion-sync/internal/cli/push.go:66.16,68.3 1 0
github.com/adamancini/obsidian-notion-sync/internal/cli/push.go:69.2,79.16 4 0
github.com/adamancini/obsidian-notion-sync/internal/cli/push.go:79.16,81.3 1 0
github.com/adamancini/obsidian-notion-sync/internal/cli/push.go:84.2,84.20 1 0
github.com/adamancini/obsidian-notion-sync/internal/cli/push.go:84.20,86.3 1 0
github.com/adamancini/obsidian-notion-sync/internal/cli/push.go:88.2,88.27 1 0
github.com/adamancini/obsidian-notion-sync/internal/cli/push.go:88.27,91.3 2 0
github.com/adamancini/obsidian-notion-sync/internal/cli/push.go:94.2,96.38 3 0
github.com/adamancini/obsidian-notion-sync/internal/cli/push.go:96.38,98.31 2 0
github.com/adamancini/obsidian-notion-sync/internal/cli/push.go:98.31,100.4 1 0
github.com/adamancini/obsidian-notion-sync/internal/cli/push.go:101.3,101.49 1 0
github.com/adamancini/obsidian-notion-sync/internal/cli/push.go:104.2,105.16 2 0
github.com/adamancini/obsidian-notion-sync/internal/cli/push.go:105.16,107.33 2 0
github.com/adamancini/obsidian-notion-sync/internal/cli/push.go:107.33,108.24 1 0
github.com/adamancini/obsidian-notion-sync/internal/cli/push.go:109.29,110.49 1 0
github.com/adamancini/obsidian-notion-sync/internal/cli/push.go:111.30,112.49 1 0
github.com/adamancini/obsidian-notion-sync/internal/cli/push.go:113.29,114.66 1 0
github.com/adamancini/obsidian-notion-sync/internal/cli/push.go:115.29,116.72 1 0
github.com/adamancini/obsidian-notion-sync/internal/cli/push.go:119.3,119.13 1 0
github.com/adamancini/obsidian-notion-sync/internal/cli/push.go:123.2,124.32 2 0
github.com/adamancini/obsidian-notion-sync/internal/cli/push.go:124.32,125.23 1 0
github.com/adamancini/obsidian-notion-sync/internal/cli/push.go:126.28,127.36 1 0
github.com/adamancini/obsidian-notion-sync/internal/cli/push.go:128.28,129.32 1 0
github.com/adamancini/obsidian-notion-sync/internal/cli/push.go:130.50,131.42 1 0
github.com/adamancini/obsidian-notion-sync/internal/cli/push.go:136.2,138.30 3 0
github.com/adamancini/obsidian-notion-sync/internal/cli/push.go:138.30,139.79 1 0
github.com/adamancini/obsidian-notion-sync/internal/cli/push.go:139.79,142.12 3 0
github.com/adamancini/obsidian-notion-sync/internal/cli/push.go:144.3,145.14 2 0
github.com/adamancini/obsidian-notion-sync/internal/cli/push.go:145.14,147.4 1 0
github.com/adamancini/obsidian-notion-sync/internal/cli/push.go:150.2,150.28 1 0
github.com/adamancini/obsidian-notion-sync/internal/cli/push.go:150.28,151.77 1 0
github.com/adamancini/obsidian-notion-sync/internal/cli/push.go:151.77,154.12 3 0
github.com/adamancini/obsidian-notion-sync/internal/cli/push.go:156.3,157.14 2 0
github.com/adamancini/obsidian-notion-sync/internal/cli/push.go:157.14,159.4 1 0
github.com/adamancini/obsidian-notion-sync/internal/cli/push.go:163.2,166.27 3 0
github.com/adamancini/obsidian-notion-sync/internal/cli/push.go:166.27,169.18 2 0
github.com/adamancini/obsidian-notion-sync/internal/cli/push.go:169.18,171.4 1 0
github.com/adamancini/obsidian-notion-sync/internal/cli/push.go:172.3,199.34 7 0
github.com/adamancini/obsidian-notion-sync/internal/cli/push.go:199.34,200.25 1 0
github.com/adamancini/obsidian-notion-sync/internal/cli/push.go:200.25,203.5 2 0
github.com/adamancini/obsidian-notion-sync/internal/cli/push.go:203.10,203.34 1 0
github.com/adamancini/obsidian-notion-sync/internal/cli/push.go:203.34,205.16 2 0
github.com/adamancini/obsidian-notion-sync/internal/cli/push.go:205.16,207.6 1 0
github.com/adamancini/obsidian-notion-sync/internal/cli/push.go:208.10,210.16 2 0
github.com/adamancini/obsidian-notion-sync/internal/cli/push.go:210.16,212.6 1 0
github.com/adamancini/obsidian-notion-sync/internal/cli/push.go:219.2,223.33 3 0
github.com/adamancini/obsidian-notion-sync/internal/cli/push.go:223.33,224.77 1 0
github.com/adamancini/obsidian-notion-sync/internal/cli/push.go:224.77,226.4 1 0
github.com/adamancini/obsidian-notion-sync/internal/cli/push.go:230.2,231.58 2 0
github.com/adamancini/obsidian-notion-sync/internal/cli/push.go:231.58,232.14 1 0
github.com/adamancini/obsidian-notion-sync/internal/cli/push.go:232.14,234.4 1 0
github.com/adamancini/obsidian-notion-sync/internal/cli/push.go:237.3,237.44 1 0
github.com/adamancini/obsidian-notion-sync/internal/cli/push.go:237.44,239.38 2 0
github.com/adamancini/obsidian-notion-sync/internal/cli/push.go:239.38,240.13 1 0
github.com/adamancini/obsidian-notion-sync/internal/cli/push.go:244.4,246.18 3 0
github.com/adamancini/obsidian-notion-sync/internal/cli/push.go:246.18,247.13 1 0
github.com/adamancini/obsidian-notion-sync/internal/cli/push.go:250.4,252.18 3 0
github.com/adamancini/obsidian-notion-sync/internal/cli/push.go:252.18,253.13 1 0
github.com/adamancini/obsidian-notion-sync/internal/cli/push.go:256.4,264.18 3 0
github.com/adamancini/obsidian-notion-sync/internal/cli/push.go:264.18,265.13 1 0
github.com/adamancini/obsidian-notion-sync/internal/cli/push.go:269.4,269.85 1 0
github.com/adamancini/obsidian-notion-sync/internal/cli/push.go:269.85,270.16 1 0
github.com/adamancini/obsidian-notion-sync/internal/cli/push.go:270.16,272.6 1 0
github.com/adamancini/obsidian-notion-sync/internal/cli/push.go:273.5,273.13 1 0
github.com/adamancini/obsidian-notion-sync/internal/cli/push.go:275.4,275.36 1 0
github.com/adamancini/obsidian-notion-sync/internal/cli/push.go:279.2,279.55 1 0
github.com/adamancini/obsidian-notion-sync/internal/cli/push.go:279.55,281.3 1 0
github.com/adamancini/obsidian-notion-sync/internal/cli/push.go:284.2,288.17 5 0
github.com/adamancini/obsidian-notion-sync/internal/cli/push.go:288.17,290.3 1 0
github.com/adamancini/obsidian-notion-sync/internal/cli/push.go:291.2,291.17 1 0
github.com/adamancini/obsidian-notion-sync/internal/cli/push.go:291.17,293.3 1 0
github.com/adamancini/obsidian-notion-sync/internal/cli/push.go:294.2,294.16 1 0
github.com/adamancini/obsidian-notion-sync/internal/cli/push.go:294.16,296.3 1 0
github.com/adamancini/obsidian-notion-sync/internal/cli/push.go:298.2,298.12 1 0
github.com/adamancini/obsidian-notion-sync/internal/cli/push.go:302.151,303.50 1 0
github.com/adamancini/obsidian-notion-sync/internal/cli/push.go:303.50,306.3 1 0
github.com/adamancini/obsidian-notion-sync/internal/cli/push.go:308.2,309.20 2 0
github.com/adamancini/obsidian-notion-sync/internal/cli/push.go:309.20,311.3 1 0
github.com/adamancini/obsidian-notion-sync/internal/cli/push.go:313.2,313.18 1 0
github.com/adamancini/obsidian-notion-sync/internal/cli/push.go:314.17,316.71 1 0
github.com/adamancini/obsidian-notion-sync/internal/cli/push.go:316.71,318.4 1 0
github.com/adamancini/obsidian-notion-sync/internal/cli/push.go:319.16,321.70 1 0
github.com/adamancini/obsidian-notion-sync/internal/cli/push.go:321.70,323.4 1 0
github.com/adamancini/obsidian-notion-sync/internal/cli/push.go:324.16,324.16 0 0
github.com/adamancini/obsidian-notion-sync/internal/cli/push.go:326.10,327.63 1 0
github.com/adamancini/obsidian-notion-sync/internal/cli/push.go:331.2,331.47 1 0
github.com/adamancini/obsidian-notion-sync/internal/cli/push.go:331.47,333.3 1 0
github.com/adamancini/obsidian-notion-sync/internal/cli/push.go:336.2,338.12 2 0
github.com/adamancini/obsidian-notion-sync/internal/cli/push.go:342.149,343.50 1 0
github.com/adamancini/obsidian-notion-sync/internal/cli/push.go:343.50,345.3 1 0
github.com/adamancini/obsidian-notion-sync/internal/cli/push.go:349.2,352.84 3 0
github.com/adamancini/obsidian-notion-sync/internal/cli/push.go:352.84,354.3 1 0
github.com/adamancini/obsidian-notion-sync/internal/cli/push.go:357.2,357.57 1 0
github.com/adamancini/obsidian-notion-sync/internal/cli/push.go:357.57,359.3 1 0
github.com/adamancini/obsidian-notion-sync/internal/cli/push.go:362.2,362.73 1 0
github.com/adamancini/obsidian-notion-sync/internal/cli/push.go:362.73,364.3 1 0
github.com/adamancini/obsidian-notion-sync/internal/cli/push.go:367.2,368.16 2 0
github.com/adamancini/obsidian-notion-sync/internal/cli/push.go:368.16,370.3 1 0
github.com/adamancini/obsidian-notion-sync/internal/cli/push.go:371.2,371.22 1 0
github.com/adamancini/obsidian-notion-sync/internal/cli/push.go:371.22,374.48 3 0
github.com/adamancini/obsidian-notion-sync/internal/cli/push.go:374.48,376.4 1 0
github.com/adamancini/obsidian-notion-sync/internal/cli/push.go:379.2,379.12 1 0
github.com/adamancini/obsidian-notion-sync/internal/cli/push.go:392.96,395.13 2 0
github.com/adamancini/obsidian-notion-sync/internal/cli/push.go:395.13,399.17 3 0
github.com/adamancini/obsidian-notion-sync/internal/cli/push.go:399.17,401.4 1 0
github.com/adamancini/obsidian-notion-sync/internal/cli/push.go:403.3,403.32 1 0
github.com/adamancini/obsidian-notion-sync/internal/cli/push.go:403.32,406.56 3 0
github.com/adamancini/obsidian-notion-sync/internal/cli/push.go:406.56,408.5 1 0
github.com/adamancini/obsidian-notion-sync/internal/cli/push.go:409.4,414.6 1 0
github.com/adamancini/obsidian-notion-sync/internal/cli/push.go:416.8,420.17 3 0
github.com/adamancini/obsidian-notion-sync/internal/cli/push.go:420.17,422.4 1 0
github.com/adamancini/obsidian-notion-sync/internal/cli/push.go:424.3,424.29 1 0
github.com/adamancini/obsidian-notion-sync/internal/cli/push.go:424.29,425.42 1 0
github.com/adamancini/obsidian-notion-sync/internal/cli/push.go:425.42,426.13 1 0
github.com/adamancini/obsidian-notion-sync/internal/cli/push.go:428.4,434.6 1 0
github.com/adamancini/obsidian-notion-sync/internal/cli/push.go:438.3,439.35 2 0
github.com/adamancini/obsidian-notion-sync/internal/cli/push.go:439.35,442.28 2 0
github.com/adamancini/obsidian-notion-sync/internal/cli/push.go:442.28,443.33 1 0
github.com/adamancini/obsidian-notion-sync/internal/cli/push.go:443.33,445.11 2 0
github.com/adamancini/obsidian-notion-sync/internal/cli/push.go:448.4,448.14 1 0
github.com/adamancini/obsidian-notion-sync/internal/cli/push.go:448.14,455.5 1 0
github.com/adamancini/obsidian-notion-sync/internal/cli/push.go:459.2,459.19 1 0
github.com/adamancini/obsidian-notion-sync/internal/cli/push.go:463.64,465.26 2 0
github.com/adamancini/obsidian-notion-sync/internal/cli/push.go:465.26,467.14 2 0
github.com/adamancini/obsidian-notion-sync/internal/cli/push.go:467.14,469.4 1 0
github.com/adamancini/obsidian-notion-sync/internal/cli/push.go:471.2,471.17 1 0
github.com/adamancini/obsidian-notion-sync/internal/cli/push.go:475.48,477.26 2 0
github.com/adamancini/obsidian-notion-sync/internal/cli/push.go:477.26,478.53 1 0
github.com/adamancini/obsidian-notion-sync/internal/cli/push.go:478.53,480.4 1 0
github.com/adamancini/obsidian-notion-sync/internal/cli/push.go:482.2,482.18 1 0
github.com/adamancini/obsidian-notion-sync/internal/cli/push.go:504.89,508.16 3 0
github.com/adamancini/obsidian-notion-sync/internal/cli/push.go:508.16,510.3 1 0
github.com/adamancini/obsidian-notion-sync/internal/cli/push.go:513.2,514.16 2 0
github.com/adamancini/obsidian-notion-sync/internal/cli/push.go:514.16,516.3 1 0
github.com/adamancini/obsidian-notion-sync/internal/cli/push.go:520.2,521.29 2 0
github.com/adamancini/obsidian-notion-sync/internal/cli/push.go:521.29,523.39 2 0
github.com/adamancini/obsidian-notion-sync/internal/cli/push.go:523.39,525.4 1 0
github.com/adamancini/obsidian-notion-sync/internal/cli/push.go:526.3,526.72 1 0
github.com/adamancini/obsidian-notion-sync/internal/cli/push.go:526.72,529.4 1 0
github.com/adamancini/obsidian-notion-sync/internal/cli/push.go:533.2,534.16 2 0
github.com/adamancini/obsidian-notion-sync/internal/cli/push.go:534.16,536.3 1 0
github.com/adamancini/obsidian-notion-sync/internal/cli/push.go:538.2,541.50 3 0
github.com/adamancini/obsidian-notion-sync/internal/cli/push.go:541.50,544.21 2 0
github.com/adamancini/obsidian-notion-sync/internal/cli/push.go:544.21,546.4 1 0
github.com/adamancini/obsidian-notion-sync/internal/cli/push.go:548.3,549.17 2 0
github.com/adamancini/obsidian-notion-sync/internal/cli/push.go:549.17,551.4 1 0
github.com/adamancini/obsidian-notion-sync/internal/cli/push.go:552.3,553.15 2 0
github.com/adamancini/obsidian-notion-sync/internal/cli/push.go:554.8,558.71 2 0
github.com/adamancini/obsidian-notion-sync/internal/cli/push.go:558.71,560.4 1 0
github.com/adamancini/obsidian-notion-sync/internal/cli/push.go:564.2,565.16 2 0
github.com/adamancini/obsidian-notion-sync/internal/cli/push.go:565.16,567.3 1 0
github.com/adamancini/obsidian-notion-sync/internal/cli/push.go:572.2,583.50 2 0
github.com/adamancini/obsidian-notion-sync/internal/cli/push.go:583.50,585.3 1 0
github.com/adamancini/obsidian-notion-sync/internal/cli/push.go:587.2,587.93 1 0
github.com/adamancini/obsidian-notion-sync/internal/cli/root.go:32.33,36.2 3 0
github.com/adamancini/obsidian-notion-sync/internal/cli/root.go:54.67,56.27 1 0
github.com/adamancini/obsidian-notion-sync/internal/cli/root.go:56.27,58.4 1 0
github.com/adamancini/obsidian-notion-sync/internal/cli/root.go:60.3,62.17 3 0
github.com/adamancini/obsidian-notion-sync/internal/cli/root.go:62.17,64.15 1 0
github.com/adamancini/obsidian-notion-sync/internal/cli/root.go:64.15,66.5 1 0
github.com/adamancini/obsidian-notion-sync/internal/cli/root.go:68.3,68.13 1 0
github.com/adamancini/obsidian-notion-sync/internal/cli/root.go:74.22,76.2 1 0
github.com/adamancini/obsidian-notion-sync/internal/cli/root.go:78.13,94.2 10 1
github.com/adamancini/obsidian-notion-sync/internal/cli/root.go:100.42,101.16 1 0
github.com/adamancini/obsidian-notion-sync/internal/cli/root.go:101.16,103.3 1 0
github.com/adamancini/obsidian-notion-sync/internal/cli/root.go:104.2,104.17 1 0
github.com/adamancini/obsidian-notion-sync/internal/cli/status.go:40.13,42.2 1 1
github.com/adamancini/obsidian-notion-sync/internal/cli/status.go:44.57,46.16 2 0
github.com/adamancini/obsidian-notion-sync/internal/cli/status.go:46.16,48.3 1 0
github.com/adamancini/obsidian-notion-sync/internal/cli/status.go:50.2,56.16 5 0
github.com/adamancini/obsidian-notion-sync/internal/cli/status.go:56.16,58.3 1 0
github.com/adamancini/obsidian-notion-sync/internal/cli/status.go:59.2,66.16 4 0
github.com/adamancini/obsidian-notion-sync/internal/cli/status.go:66.16,68.3 1 0
github.com/adamancini/obsidian-notion-sync/internal/cli/status.go:71.2,73.28 2 0
github.com/adamancini/obsidian-notion-sync/internal/cli/status.go:73.28,74.17 1 0
github.com/adamancini/obsidian-notion-sync/internal/cli/status.go:75.28,76.34 1 0
github.com/adamancini/obsidian-notion-sync/internal/cli/status.go:77.29,78.42 1 0
github.com/adamancini/obsidian-notion-sync/internal/cli/status.go:78.42,80.5 1 0
github.com/adamancini/obsidian-notion-sync/internal/cli/status.go:80.10,82.5 1 0
github.com/adamancini/obsidian-notion-sync/internal/cli/status.go:83.28,84.42 1 0
github.com/adamancini/obsidian-notion-sync/internal/cli/status.go:85.28,86.42 1 0
github.com/adamancini/obsidian-notion-sync/internal/cli/status.go:87.29,88.36 1 0
github.com/adamancini/obsidian-notion-sync/internal/cli/status.go:93.2,94.16 2 0
github.com/adamancini/obsidian-notion-sync/internal/cli/status.go:94.16,96.3 1 0
github.com/adamancini/obsidian-notion-sync/internal/cli/status.go:99.2,100.16 2 0
github.com/adamancini/obsidian-notion-sync/internal/cli/status.go:100.16,102.3 1 0
github.com/adamancini/obsidian-notion-sync/internal/cli/status.go:105.2,107.16 3 0
github.com/adamancini/obsidian-notion-sync/internal/cli/status.go:107.16,109.3 1 0
github.com/adamancini/obsidian-notion-sync/internal/cli/status.go:112.2,125.19 11 0
github.com/adamancini/obsidian-notion-sync/internal/cli/status.go:125.19,126.50 1 0
github.com/adamancini/obsidian-notion-sync/internal/cli/status.go:126.50,128.36 2 0
github.com/adamancini/obsidian-notion-sync/internal/cli/status.go:128.36,130.5 1 0
github.com/adamancini/obsidian-notion-sync/internal/cli/status.go:131.4,131.31 1 0
github.com/adamancini/obsidian-notion-sync/internal/cli/status.go:131.31,133.5 1 0
github.com/adamancini/obsidian-notion-sync/internal/cli/status.go:136.3,136.28 1 0
github.com/adamancini/obsidian-notion-sync/internal/cli/status.go:136.28,138.35 2 0
github.com/adamancini/obsidian-notion-sync/internal/cli/status.go:138.35,140.5 1 0
github.com/adamancini/obsidian-notion-sync/internal/cli/status.go:143.3,143.28 1 0
github.com/adamancini/obsidian-notion-sync/internal/cli/status.go:143.28,145.35 2 0
github.com/adamancini/obsidian-notion-sync/internal/cli/status.go:145.35,147.5 1 0
github.com/adamancini/obsidian-notion-sync/internal/cli/status.go:150.3,150.28 1 0
github.com/adamancini/obsidian-notion-sync/internal/cli/status.go:150.28,152.35 2 0
github.com/adamancini/obsidian-notion-sync/internal/cli/status.go:152.35,154.5 1 0
github.com/adamancini/obsidian-notion-sync/internal/cli/status.go:157.3,157.28 1 0
github.com/adamancini/obsidian-notion-sync/internal/cli/status.go:157.28,159.35 2 0
github.com/adamancini/obsidian-notion-sync/internal/cli/status.go:159.35,161.5 1 0
github.com/adamancini/obsidian-notion-sync/internal/cli/status.go:164.3,164.25 1 0
github.com/adamancini/obsidian-notion-sync/internal/cli/status.go:164.25,166.32 2 0
github.com/adamancini/obsidian-notion-sync/internal/cli/status.go:166.32,168.5 1 0
github.com/adamancini/obsidian-notion-sync/internal/cli/status.go:171.3,171.42 1 0
github.com/adamancini/obsidian-notion-sync/internal/cli/status.go:171.42,173.38 2 0
github.com/adamancini/obsidian-notion-sync/internal/cli/status.go:173.38,175.5 1 0
github.com/adamancini/obsidian-notion-sync/internal/cli/status.go:179.2,179.12 1 0
github.com/adamancini/obsidian-notion-sync/internal/cli/status.go:183.47,185.16 2 0
github.com/adamancini/obsidian-notion-sync/internal/cli/status.go:185.16,187.3 1 0
github.com/adamancini/obsidian-notion-sync/internal/cli/status.go:188.2,188.56 1 0
github.com/adamancini/obsidian-notion-sync/internal/cli/sync.go:63.13,66.2 2 1
github.com/adamancini/obsidian-notion-sync/internal/cli/sync.go:77.55,79.16 2 0
github.com/adamancini/obsidian-notion-sync/internal/cli/sync.go:79.16,81.3 1 0
github.com/adamancini/obsidian-notion-sync/internal/cli/sync.go:83.2,84.18 2 0
github.com/adamancini/obsidian-notion-sync/internal/cli/sync.go:85.67,85.67 0 0
github.com/adamancini/obsidian-notion-sync/internal/cli/sync.go:87.10,88.67 1 0
github.com/adamancini/obsidian-notion-sync/internal/cli/sync.go:91.2,97.16 5 0
github.com/adamancini/obsidian-notion-sync/internal/cli/sync.go:97.16,99.3 1 0
github.com/adamancini/obsidian-notion-sync/internal/cli/sync.go:100.2,114.16 7 0
github.com/adamancini/obsidian-notion-sync/internal/cli/sync.go:114.16,116.3 1 0
github.com/adamancini/obsidian-notion-sync/internal/cli/sync.go:117.2,122.16 4 0
github.com/adamancini/obsidian-notion-sync/internal/cli/sync.go:122.16,124.3 1 0
github.com/adamancini/obsidian-notion-sync/internal/cli/sync.go:127.2,127.105 1 0
github.com/adamancini/obsidian-notion-sync/internal/cli/sync.go:127.105,129.17 2 0
github.com/adamancini/obsidian-notion-sync/internal/cli/sync.go:129.17,131.4 1 0
github.com/adamancini/obsidian-notion-sync/internal/cli/sync.go:134.3,134.38 1 0
github.com/adamancini/obsidian-notion-sync/internal/cli/sync.go:136.2,136.16 1 0
github.com/adamancini/obsidian-notion-sync/internal/cli/sync.go:136.16,138.3 1 0
github.com/adamancini/obsidian-notion-sync/internal/cli/sync.go:141.2,148.33 2 0
github.com/adamancini/obsidian-notion-sync/internal/cli/sync.go:148.33,149.37 1 0
github.com/adamancini/obsidian-notion-sync/internal/cli/sync.go:149.37,151.4 1 0
github.com/adamancini/obsidian-notion-sync/internal/cli/sync.go:151.9,151.48 1 0
github.com/adamancini/obsidian-notion-sync/internal/cli/sync.go:151.48,153.4 1 0
github.com/adamancini/obsidian-notion-sync/internal/cli/sync.go:157.2,157.34 1 0
github.com/adamancini/obsidian-notion-sync/internal/cli/sync.go:157.34,158.37 1 0
github.com/adamancini/obsidian-notion-sync/internal/cli/sync.go:158.37,161.39 2 0
github.com/adamancini/obsidian-notion-sync/internal/cli/sync.go:161.39,162.32 1 0
github.com/adamancini/obsidian-notion-sync/internal/cli/sync.go:162.32,164.11 2 0
github.com/adamancini/obsidian-notion-sync/internal/cli/sync.go:167.4,167.14 1 0
github.com/adamancini/obsidian-notion-sync/internal/cli/sync.go:167.14,169.5 1 0
github.com/adamancini/obsidian-notion-sync/internal/cli/sync.go:170.9,170.48 1 0
github.com/adamancini/obsidian-notion-sync/internal/cli/sync.go:170.48,172.4 1 0
github.com/adamancini/obsidian-notion-sync/internal/cli/sync.go:176.2,176.24 1 0
github.com/adamancini/obsidian-notion-sync/internal/cli/sync.go:176.24,177.19 1 0
github.com/adamancini/obsidian-notion-sync/internal/cli/sync.go:178.23,181.32 2 0
github.com/adamancini/obsidian-notion-sync/internal/cli/sync.go:181.32,193.5 3 0
github.com/adamancini/obsidian-notion-sync/internal/cli/sync.go:194.4,194.80 1 0
github.com/adamancini/obsidian-notion-sync/internal/cli/sync.go:196.21,198.32 1 0
github.com/adamancini/obsidian-notion-sync/internal/cli/sync.go:198.32,202.5 3 0
github.com/adamancini/obsidian-notion-sync/internal/cli/sync.go:203.4,203.99 1 0
github.com/adamancini/obsidian-notion-sync/internal/cli/sync.go:205.23,207.32 1 0
github.com/adamancini/obsidian-notion-sync/internal/cli/sync.go:207.32,211.5 3 0
github.com/adamancini/obsidian-notion-sync/internal/cli/sync.go:212.4,212.102 1 0
github.com/adamancini/obsidian-notion-sync/internal/cli/sync.go:214.22,216.32 1 0
github.com/adamancini/obsidian-notion-sync/internal/cli/sync.go:216.32,217.42 1 0
github.com/adamancini/obsidian-notion-sync/internal/cli/sync.go:217.42,221.6 3 0
github.com/adamancini/obsidian-notion-sync/internal/cli/sync.go:221.11,225.6 3 0
github.com/adamancini/obsidian-notion-sync/internal/cli/sync.go:227.4,227.84 1 0
github.com/adamancini/obsidian-notion-sync/internal/cli/sync.go:232.2,232.16 1 0
github.com/adamancini/obsidian-notion-sync/internal/cli/sync.go:232.16,234.33 2 0
github.com/adamancini/obsidian-notion-sync/internal/cli/sync.go:234.33,236.4 1 0
github.com/adamancini/obsidian-notion-sync/internal/cli/sync.go:237.3,238.33 2 0
github.com/adamancini/obsidian-notion-sync/internal/cli/sync.go:238.33,240.4 1 0
github.com/adamancini/obsidian-notion-sync/internal/cli/sync.go:241.3,241.13 1 0
github.com/adamancini/obsidian-notion-sync/internal/cli/sync.go:245.2,246.26 2 0
github.com/adamancini/obsidian-notion-sync/internal/cli/sync.go:246.26,250.18 3 0
github.com/adamancini/obsidian-notion-sync/internal/cli/sync.go:250.18,252.4 1 0
github.com/adamancini/obsidian-notion-sync/internal/cli/sync.go:253.3,275.34 7 0
github.com/adamancini/obsidian-notion-sync/internal/cli/sync.go:275.34,276.25 1 0
github.com/adamancini/obsidian-notion-sync/internal/cli/sync.go:276.25,279.5 2 0
github.com/adamancini/obsidian-notion-sync/internal/cli/sync.go:279.10,281.16 2 0
github.com/adamancini/obsidian-notion-sync/internal/cli/sync.go:281.16,283.6 1 0
github.com/adamancini/obsidian-notion-sync/internal/cli/sync.go:289.2,290.26 2 0
github.com/adamancini/obsidian-notion-sync/internal/cli/sync.go:290.26,294.18 3 0
github.com/adamancini/obsidian-notion-sync/internal/cli/sync.go:294.18,296.4 1 0
github.com/adamancini/obsidian-notion-sync/internal/cli/sync.go:297.3,317.34 7 0
github.com/adamancini/obsidian-notion-sync/internal/cli/sync.go:317.34,318.25 1 0
github.com/adamancini/obsidian-notion-sync/internal/cli/sync.go:318.25,321.5 2 0
github.com/adamancini/obsidian-notion-sync/internal/cli/sync.go:321.10,323.16 2 0
github.com/adamancini/obsidian-notion-sync/internal/cli/sync.go:323.16,325.6 1 0
github.com/adamancini/obsidian-notion-sync/internal/cli/sync.go:331.2,335.54 5 0
github.com/adamancini/obsidian-notion-sync/internal/cli/sync.go:335.54,337.3 1 0
github.com/adamancini/obsidian-notion-sync/internal/cli/sync.go:338.2,338.16 1 0
github.com/adamancini/obsidian-notion-sync/internal/cli/sync.go:338.16,340.3 1 0
github.com/adamancini/obsidian-notion-sync/internal/cli/sync.go:342.2,342.12 1 0
github.com/adamancini/obsidian-notion-sync/internal/cli/sync.go:357.97,359.35 1 0
github.com/adamancini/obsidian-notion-sync/internal/cli/sync.go:359.35,360.51 1 0
github.com/adamancini/obsidian-notion-sync/internal/cli/sync.go:360.51,362.22 2 0
github.com/adamancini/obsidian-notion-sync/internal/cli/sync.go:362.22,364.5 1 0
github.com/adamancini/obsidian-notion-sync/internal/cli/sync.go:365.4,365.20 1 0
github.com/adamancini/obsidian-notion-sync/internal/cli/sync.go:366.19,367.76 1 0
github.com/adamancini/obsidian-notion-sync/internal/cli/sync.go:367.76,369.6 1 0
github.com/adamancini/obsidian-notion-sync/internal/cli/sync.go:370.18,371.75 1 0
github.com/adamancini/obsidian-notion-sync/internal/cli/sync.go:371.75,373.6 1 0
github.com/adamancini/obsidian-notion-sync/internal/cli/sync.go:376.3,378.25 3 0
github.com/adamancini/obsidian-notion-sync/internal/cli/sync.go:382.2,382.35 1 0
github.com/adamancini/obsidian-notion-sync/internal/cli/sync.go:382.35,383.51 1 0
github.com/adamancini/obsidian-notion-sync/internal/cli/sync.go:383.51,386.89 3 0
github.com/adamancini/obsidian-notion-sync/internal/cli/sync.go:386.89,388.5 1 0
github.com/adamancini/obsidian-notion-sync/internal/cli/sync.go:390.3,392.25 3 0
github.com/adamancini/obsidian-notion-sync/internal/cli/sync.go:396.2,398.16 3 0
github.com/adamancini/obsidian-notion-sync/internal/cli/sync.go:398.16,400.3 1 0
github.com/adamancini/obsidian-notion-sync/internal/cli/sync.go:402.2,403.16 2 0
github.com/adamancini/obsidian-notion-sync/internal/cli/sync.go:403.16,405.3 1 0
github.com/adamancini/obsidian-notion-sync/internal/cli/sync.go:408.2,409.29 2 0
github.com/adamancini/obsidian-notion-sync/internal/cli/sync.go:409.29,411.39 2 0
github.com/adamancini/obsidian-notion-sync/internal/cli/sync.go:411.39,413.4 1 0
github.com/adamancini/obsidian-notion-sync/internal/cli/sync.go:414.3,414.53 1 0
github.com/adamancini/obsidian-notion-sync/internal/cli/sync.go:417.2,418.16 2 0
github.com/adamancini/obsidian-notion-sync/internal/cli/sync.go:418.16,420.3 1 0
github.com/adamancini/obsidian-notion-sync/internal/cli/sync.go:422.2,423.50 2 0
github.com/adamancini/obsidian-notion-sync/internal/cli/sync.go:423.50,426.21 2 0
github.com/adamancini/obsidian-notion-sync/internal/cli/sync.go:426.21,428.4 1 0
github.com/adamancini/obsidian-notion-sync/internal/cli/sync.go:429.3,430.17 2 0
github.com/adamancini/obsidian-notion-sync/internal/cli/sync.go:430.17,432.4 1 0
github.com/adamancini/obsidian-notion-sync/internal/cli/sync.go:433.3,433.25 1 0
github.com/adamancini/obsidian-notion-sync/internal/cli/sync.go:434.8,437.71 2 0
github.com/adamancini/obsidian-notion-sync/internal/cli/sync.go:437.71,439.4 1 0
github.com/adamancini/obsidian-notion-sync/internal/cli/sync.go:443.2,446.21 4 0
github.com/adamancini/obsidian-notion-sync/internal/cli/sync.go:446.21,448.3 1 0
github.com/adamancini/obsidian-notion-sync/internal/cli/sync.go:450.2,461.50 2 0
github.com/adamancini/obsidian-notion-sync/internal/cli/sync.go:461.50,463.3 1 0
github.com/adamancini/obsidian-notion-sync/internal/cli/sync.go:465.2,465.24 1 0
github.com/adamancini/obsidian-notion-sync/internal/cli/sync.go:478.97,479.50 1 0
github.com/adamancini/obsidian-notion-sync/internal/cli/sync.go:479.50,481.3 1 0
github.com/adamancini/obsidian-notion-sync/internal/cli/sync.go:484.2,485.16 2 0
github.com/adamancini/obsidian-notion-sync/internal/cli/sync.go:485.16,487.3 1 0
github.com/adamancini/obsidian-notion-sync/internal/cli/sync.go:490.2,491.16 2 0
github.com/adamancini/obsidian-notion-sync/internal/cli/sync.go:491.16,493.3 1 0
github.com/adamancini/obsidian-notion-sync/internal/cli/sync.go:496.2,497.66 2 0
github.com/adamancini/obsidian-notion-sync/internal/cli/sync.go:497.66,499.3 1 0
github.com/adamancini/obsidian-notion-sync/internal/cli/sync.go:502.2,502.63 1 0
github.com/adamancini/obsidian-notion-sync/internal/cli/sync.go:502.63,504.3 1 0
github.com/adamancini/obsidian-notion-sync/internal/cli/sync.go:507.2,510.21 4 0
github.com/adamancini/obsidian-notion-sync/internal/cli/sync.go:510.21,512.3 1 0
github.com/adamancini/obsidian-notion-sync/internal/cli/sync.go:514.2,523.50 9 0
github.com/adamancini/obsidian-notion-sync/internal/cli/sync.go:523.50,525.3 1 0
github.com/adamancini/obsidian-notion-sync/internal/cli/sync.go:527.2,527.24 1 0
github.com/adamancini/obsidian-notion-sync/internal/cli/watch.go:56.13,65.2 7 1
github.com/adamancini/obsidian-notion-sync/internal/cli/watch.go:90.56,92.16 2 0
github.com/adamancini/obsidian-notion-sync/internal/cli/watch.go:92.16,94.3 1 0
github.com/adamancini/obsidian-notion-sync/internal/cli/watch.go:97.2,98.18 2 0
github.com/adamancini/obsidian-notion-sync/internal/cli/watch.go:99.67,99.67 0 0
github.com/adamancini/obsidian-notion-sync/internal/cli/watch.go:101.10,102.68 1 0
github.com/adamancini/obsidian-notion-sync/internal/cli/watch.go:106.2,106.17 1 0
github.com/adamancini/obsidian-notion-sync/internal/cli/watch.go:106.17,108.3 1 0
github.com/adamancini/obsidian-notion-sync/internal/cli/watch.go:110.2,110.53 1 0
github.com/adamancini/obsidian-notion-sync/internal/cli/watch.go:114.93,117.23 2 0
github.com/adamancini/obsidian-notion-sync/internal/cli/watch.go:117.23,119.3 1 0
github.com/adamancini/obsidian-notion-sync/internal/cli/watch.go:120.2,120.23 1 0
github.com/adamancini/obsidian-notion-sync/internal/cli/watch.go:120.23,122.3 1 0
github.com/adamancini/obsidian-notion-sync/internal/cli/watch.go:123.2,124.16 2 0
github.com/adamancini/obsidian-notion-sync/internal/cli/watch.go:124.16,126.3 1 0
github.com/adamancini/obsidian-notion-sync/internal/cli/watch.go:129.2,130.19 2 0
github.com/adamancini/obsidian-notion-sync/internal/cli/watch.go:130.19,132.3 1 0
github.com/adamancini/obsidian-notion-sync/internal/cli/watch.go:133.2,133.19 1 0
github.com/adamancini/obsidian-notion-sync/internal/cli/watch.go:133.19,135.3 1 0
github.com/adamancini/obsidian-notion-sync/internal/cli/watch.go:136.2,137.20 2 0
github.com/adamancini/obsidian-notion-sync/internal/cli/watch.go:137.20,139.17 2 0
github.com/adamancini/obsidian-notion-sync/internal/cli/watch.go:139.17,141.4 1 0
github.com/adamancini/obsidian-notion-sync/internal/cli/watch.go:145.2,147.16 3 0
github.com/adamancini/obsidian-notion-sync/internal/cli/watch.go:147.16,149.3 1 0
github.com/adamancini/obsidian-notion-sync/internal/cli/watch.go:150.2,180.16 5 0
github.com/adamancini/obsidian-notion-sync/internal/cli/watch.go:184.31,187.16 2 0
github.com/adamancini/obsidian-notion-sync/internal/cli/watch.go:187.16,189.3 1 0
github.com/adamancini/obsidian-notion-sync/internal/cli/watch.go:190.2,193.68 2 0
github.com/adamancini/obsidian-notion-sync/internal/cli/watch.go:193.68,195.3 1 0
github.com/adamancini/obsidian-notion-sync/internal/cli/watch.go:197.2,199.24 3 0
github.com/adamancini/obsidian-notion-sync/internal/cli/watch.go:199.24,201.3 1 0
github.com/adamancini/obsidian-notion-sync/internal/cli/watch.go:201.8,203.3 1 0
github.com/adamancini/obsidian-notion-sync/internal/cli/watch.go:204.2,218.24 9 0
github.com/adamancini/obsidian-notion-sync/internal/cli/watch.go:218.24,222.3 3 0
github.com/adamancini/obsidian-notion-sync/internal/cli/watch.go:225.2,225.6 1 0
github.com/adamancini/obsidian-notion-sync/internal/cli/watch.go:225.6,226.10 1 0
github.com/adamancini/obsidian-notion-sync/internal/cli/watch.go:227.16,229.14 2 0
github.com/adamancini/obsidian-notion-sync/internal/cli/watch.go:231.40,232.11 1 0
github.com/adamancini/obsidian-notion-sync/internal/cli/watch.go:232.11,234.5 1 0
github.com/adamancini/obsidian-notion-sync/internal/cli/watch.go:235.4,235.37 1 0
github.com/adamancini/obsidian-notion-sync/internal/cli/watch.go:237.38,238.11 1 0
github.com/adamancini/obsidian-notion-sync/internal/cli/watch.go:238.11,240.5 1 0
github.com/adamancini/obsidian-notion-sync/internal/cli/watch.go:241.4,241.48 1 0
github.com/adamancini/obsidian-notion-sync/internal/cli/watch.go:243.29,244.24 1 0
github.com/adamancini/obsidian-notion-sync/internal/cli/watch.go:246.17,247.18 1 0
github.com/adamancini/obsidian-notion-sync/internal/cli/watch.go:253.85,254.82 1 0
github.com/adamancini/obsidian-notion-sync/internal/cli/watch.go:254.82,255.17 1 0
github.com/adamancini/obsidian-notion-sync/internal/cli/watch.go:255.17,257.4 1 0
github.com/adamancini/obsidian-notion-sync/internal/cli/watch.go:258.3,258.19 1 0
github.com/adamancini/obsidian-notion-sync/internal/cli/watch.go:258.19,261.36 2 0
github.com/adamancini/obsidian-notion-sync/internal/cli/watch.go:261.36,263.5 1 0
github.com/adamancini/obsidian-notion-sync/internal/cli/watch.go:264.4,264.30 1 0
github.com/adamancini/obsidian-notion-sync/internal/cli/watch.go:266.3,266.13 1 0
github.com/adamancini/obsidian-notion-sync/internal/cli/watch.go:271.84,276.16 3 0
github.com/adamancini/obsidian-notion-sync/internal/cli/watch.go:276.16,278.3 1 0
github.com/adamancini/obsidian-notion-sync/internal/cli/watch.go:281.2,281.52 1 0
github.com/adamancini/obsidian-notion-sync/internal/cli/watch.go:281.52,283.3 1 0
github.com/adamancini/obsidian-notion-sync/internal/cli/watch.go:286.2,286.40 1 0
github.com/adamancini/obsidian-notion-sync/internal/cli/watch.go:286.40,288.33 1 0
github.com/adamancini/obsidian-notion-sync/internal/cli/watch.go:288.33,290.34 2 0
github.com/adamancini/obsidian-notion-sync/internal/cli/watch.go:290.34,292.5 1 0
github.com/adamancini/obsidian-notion-sync/internal/cli/watch.go:294.3,294.9 1 0
github.com/adamancini/obsidian-notion-sync/internal/cli/watch.go:298.2,298.29 1 0
github.com/adamancini/obsidian-notion-sync/internal/cli/watch.go:298.29,300.3 1 0
github.com/adamancini/obsidian-notion-sync/internal/cli/watch.go:303.2,307.13 4 0
github.com/adamancini/obsidian-notion-sync/internal/cli/watch.go:307.13,309.33 2 0
github.com/adamancini/obsidian-notion-sync/internal/cli/watch.go:309.33,311.4 1 0
github.com/adamancini/obsidian-notion-sync/internal/cli/watch.go:311.9,311.40 1 0
github.com/adamancini/obsidian-notion-sync/internal/cli/watch.go:311.40,313.4 1 0
github.com/adamancini/obsidian-notion-sync/internal/cli/watch.go:313.9,313.40 1 0
github.com/adamancini/obsidian-notion-sync/internal/cli/watch.go:313.40,315.4 1 0
github.com/adamancini/obsidian-notion-sync/internal/cli/watch.go:316.3,316.84 1 0
github.com/adamancini/obsidian-notion-sync/internal/cli/watch.go:321.53,322.44 1 0
github.com/adamancini/obsidian-notion-sync/internal/cli/watch.go:322.44,324.14 2 0
github.com/adamancini/obsidian-notion-sync/internal/cli/watch.go:324.14,326.4 1 0
github.com/adamancini/obsidian-notion-sync/internal/cli/watch.go:328.3,329.14 2 0
github.com/adamancini/obsidian-notion-sync/internal/cli/watch.go:329.14,331.4 1 0
github.com/adamancini/obsidian-notion-sync/internal/cli/watch.go:333.2,333.14 1 0
github.com/adamancini/obsidian-notion-sync/internal/cli/watch.go:337.38,341.32 3 0
github.com/adamancini/obsidian-notion-sync/internal/cli/watch.go:341.32,343.3 1 0
github.com/adamancini/obsidian-notion-sync/internal/cli/watch.go:345.2,348.48 3 0
github.com/adamancini/obsidian-notion-sync/internal/cli/watch.go:348.48,349.39 1 0
github.com/adamancini/obsidian-notion-sync/internal/cli/watch.go:349.39,351.4 1 0
github.com/adamancini/obsidian-notion-sync/internal/cli/watch.go:354.2,354.25 1 0
github.com/adamancini/obsidian-notion-sync/internal/cli/watch.go:354.25,356.3 1 0
github.com/adamancini/obsidian-notion-sync/internal/cli/watch.go:359.2,359.33 1 0
github.com/adamancini/obsidian-notion-sync/internal/cli/watch.go:359.33,361.3 1 0
github.com/adamancini/obsidian-notion-sync/internal/cli/watch.go:364.2,369.36 4 0
github.com/adamancini/obsidian-notion-sync/internal/cli/watch.go:369.36,370.50 1 0
github.com/adamancini/obsidian-notion-sync/internal/cli/watch.go:370.50,372.4 1 0
github.com/adamancini/obsidian-notion-sync/internal/cli/watch.go:372.9,374.4 1 0
github.com/adamancini/obsidian-notion-sync/internal/cli/watch.go:379.71,384.24 3 0
github.com/adamancini/obsidian-notion-sync/internal/cli/watch.go:384.24,387.3 1 0
github.com/adamancini/obsidian-notion-sync/internal/cli/watch.go:388.2,388.16 1 0
github.com/adamancini/obsidian-notion-sync/internal/cli/watch.go:388.16,390.3 1 0
github.com/adamancini/obsidian-notion-sync/internal/cli/watch.go:391.2,391.18 1 0
github.com/adamancini/obsidian-notion-sync/internal/cli/watch.go:391.18,393.3 1 0
github.com/adamancini/obsidian-notion-sync/internal/cli/watch.go:396.2,397.16 2 0
github.com/adamancini/obsidian-notion-sync/internal/cli/watch.go:397.16,399.3 1 0
github.com/adamancini/obsidian-notion-sync/internal/cli/watch.go:402.2,403.16 2 0
github.com/adamancini/obsidian-notion-sync/internal/cli/watch.go:403.16,405.3 1 0
github.com/adamancini/obsidian-notion-sync/internal/cli/watch.go:407.2,408.77 2 0
github.com/adamancini/obsidian-notion-sync/internal/cli/watch.go:408.77,411.3 1 0
github.com/adamancini/obsidian-notion-sync/internal/cli/watch.go:414.2,415.16 2 0
github.com/adamancini/obsidian-notion-sync/internal/cli/watch.go:415.16,417.3 1 0
github.com/adamancini/obsidian-notion-sync/internal/cli/watch.go:420.2,421.29 2 0
github.com/adamancini/obsidian-notion-sync/internal/cli/watch.go:421.29,423.39 2 0
github.com/adamancini/obsidian-notion-sync/internal/cli/watch.go:423.39,425.4 1 0
github.com/adamancini/obsidian-notion-sync/internal/cli/watch.go:426.3,426.53 1 0
github.com/adamancini/obsidian-notion-sync/internal/cli/watch.go:430.2,431.16 2 0
github.com/adamancini/obsidian-notion-sync/internal/cli/watch.go:431.16,433.3 1 0
github.com/adamancini/obsidian-notion-sync/internal/cli/watch.go:436.2,437.62 2 0
github.com/adamancini/obsidian-notion-sync/internal/cli/watch.go:437.62,440.21 2 0
github.com/adamancini/obsidian-notion-sync/internal/cli/watch.go:440.21,442.4 1 0
github.com/adamancini/obsidian-notion-sync/internal/cli/watch.go:443.3,444.17 2 0
github.com/adamancini/obsidian-notion-sync/internal/cli/watch.go:444.17,446.4 1 0
github.com/adamancini/obsidian-notion-sync/internal/cli/watch.go:447.3,447.25 1 0
github.com/adamancini/obsidian-notion-sync/internal/cli/watch.go:448.8,451.70 2 0
github.com/adamancini/obsidian-notion-sync/internal/cli/watch.go:451.70,453.4 1 0
github.com/adamancini/obsidian-notion-sync/internal/cli/watch.go:457.2,468.33 2 0
github.com/adamancini/obsidian-notion-sync/internal/cli/watch.go:472.77,474.40 2 0
github.com/adamancini/obsidian-notion-sync/internal/cli/watch.go:474.40,477.3 1 0
github.com/adamancini/obsidian-notion-sync/internal/cli/watch.go:479.2,479.38 1 0
github.com/adamancini/obsidian-notion-sync/internal/cli/watch.go:479.38,481.21 2 0
github.com/adamancini/obsidian-notion-sync/internal/cli/watch.go:481.21,483.4 1 0
github.com/adamancini/obsidian-notion-sync/internal/cli/watch.go:484.3,484.19 1 0
github.com/adamancini/obsidian-notion-sync/internal/cli/watch.go:485.18,486.80 1 0
github.com/adamancini/obsidian-notion-sync/internal/cli/watch.go:486.80,488.5 1 0
github.com/adamancini/obsidian-notion-sync/internal/cli/watch.go:489.17,490.79 1 0
github.com/adamancini/obsidian-notion-sync/internal/cli/watch.go:490.79,492.5 1 0
github.com/adamancini/obsidian-notion-sync/internal/cli/watch.go:496.2,498.12 3 0
github.com/adamancini/obsidian-notion-sync/internal/cli/watch.go:502.32,503.13 1 0
github.com/adamancini/obsidian-notion-sync/internal/cli/watch.go:503.13,505.3 1 0
github.com/adamancini/obsidian-notion-sync/internal/cli/watch.go:507.2,512.16 4 0
github.com/adamancini/obsidian-notion-sync/internal/cli/watch.go:512.16,515.3 2 0
github.com/adamancini/obsidian-notion-sync/internal/cli/watch.go:517.2,520.27 3 0
github.com/adamancini/obsidian-notion-sync/internal/cli/watch.go:520.27,521.27 1 0
github.com/adamancini/obsidian-notion-sync/internal/cli/watch.go:521.27,522.12 1 0
github.com/adamancini/obsidian-notion-sync/internal/cli/watch.go:526.3,527.17 2 0
github.com/adamancini/obsidian-notion-sync/internal/cli/watch.go:527.17,528.15 1 0
github.com/adamancini/obsidian-notion-sync/internal/cli/watch.go:528.15,530.5 1 0
github.com/adamancini/obsidian-notion-sync/internal/cli/watch.go:531.4,531.12 1 0
github.com/adamancini/obsidian-notion-sync/internal/cli/watch.go:535.3,535.47 1 0
github.com/adamancini/obsidian-notion-sync/internal/cli/watch.go:535.47,539.18 3 0
github.com/adamancini/obsidian-notion-sync/internal/cli/watch.go:539.18,540.13 1 0
github.com/adamancini/obsidian-notion-sync/internal/cli/watch.go:543.4,543.50 1 0
github.com/adamancini/obsidian-notion-sync/internal/cli/watch.go:543.50,545.37 1 0
github.com/adamancini/obsidian-notion-sync/internal/cli/watch.go:545.37,556.14 4 0
github.com/adamancini/obsidian-notion-sync/internal/cli/watch.go:559.5,559.23 1 0
github.com/adamancini/obsidian-notion-sync/internal/cli/watch.go:560.23,562.59 1 0
github.com/adamancini/obsidian-notion-sync/internal/cli/watch.go:563.25,563.25 0 0
github.com/adamancini/obsidian-notion-sync/internal/cli/watch.go:565.24,567.74 2 0
github.com/adamancini/obsidian-notion-sync/internal/cli/watch.go:567.74,570.15 2 0
github.com/adamancini/obsidian-notion-sync/internal/cli/watch.go:577.4,577.74 1 0
github.com/adamancini/obsidian-notion-sync/internal/cli/watch.go:577.74,579.5 1 0
github.com/adamancini/obsidian-notion-sync/internal/cli/watch.go:579.10,581.5 1 0
github.com/adamancini/obsidian-notion-sync/internal/cli/watch.go:586.2,586.37 1 0
github.com/adamancini/obsidian-notion-sync/internal/cli/watch.go:586.37,587.47 1 0
github.com/adamancini/obsidian-notion-sync/internal/cli/watch.go:587.47,589.4 1 0
github.com/adamancini/obsidian-notion-sync/internal/cli/watch.go:594.79,604.16 3 0
github.com/adamancini/obsidian-notion-sync/internal/cli/watch.go:604.16,606.3 1 0
github.com/adamancini/obsidian-notion-sync/internal/cli/watch.go:609.2,610.16 2 0
github.com/adamancini/obsidian-notion-sync/internal/cli/watch.go:610.16,612.3 1 0
github.com/adamancini/obsidian-notion-sync/internal/cli/watch.go:615.2,616.66 2 0
github.com/adamancini/obsidian-notion-sync/internal/cli/watch.go:616.66,618.3 1 0
github.com/adamancini/obsidian-notion-sync/internal/cli/watch.go:619.2,619.63 1 0
github.com/adamancini/obsidian-notion-sync/internal/cli/watch.go:619.63,621.3 1 0
github.com/adamancini/obsidian-notion-sync/internal/cli/watch.go:624.2,627.21 4 0
github.com/adamancini/obsidian-notion-sync/internal/cli/watch.go:627.21,629.3 1 0
github.com/adamancini/obsidian-notion-sync/internal/cli/watch.go:631.2,642.33 2 0
github.com/adamancini/obsidian-notion-sync/internal/cli/watch.go:646.42,649.19 2 0
github.com/adamancini/obsidian-notion-sync/internal/cli/watch.go:649.19,651.3 1 0
github.com/adamancini/obsidian-notion-sync/internal/cli/watch.go:652.2,652.19 1 0
github.com/adamancini/obsidian-notion-sync/internal/cli/watch.go:652.19,654.67 1 0
github.com/adamancini/obsidian-notion-sync/internal/cli/watch.go:654.67,656.4 1 0
github.com/adamancini/obsidian-notion-sync/internal/cli/watch.go:656.9,658.4 1 0
github.com/adamancini/obsidian-notion-sync/internal/cli/watch.go:662.2,662.52 1 0
github.com/adamancini/obsidian-notion-sync/internal/cli/watch.go:662.52,664.3 1 0
github.com/adamancini/obsidian-notion-sync/internal/cli/watch.go:667.2,668.19 2 0
github.com/adamancini/obsidian-notion-sync/internal/cli/watch.go:668.19,670.3 1 0
github.com/adamancini/obsidian-notion-sync/internal/cli/watch.go:677.2,678.19 2 0
github.com/adamancini/obsidian-notion-sync/internal/cli/watch.go:678.19,680.17 2 0
github.com/adamancini/obsidian-notion-sync/internal/cli/watch.go:680.17,682.4 1 0
github.com/adamancini/obsidian-notion-sync/internal/cli/watch.go:683.3,684.16 2 0
github.com/adamancini/obsidian-notion-sync/internal/cli/watch.go:688.2,688.87 1 0
github.com/adamancini/obsidian-notion-sync/internal/cli/watch.go:688.87,690.3 1 0
github.com/adamancini/obsidian-notion-sync/internal/cli/watch.go:691.2,696.19 5 0
github.com/adamancini/obsidian-notion-sync/internal/cli/watch.go:696.19,698.3 1 0
github.com/adamancini/obsidian-notion-sync/internal/cli/watch.go:700.2,701.53 2 0
github.com/adamancini/obsidian-notion-sync/internal/cli/watch.go:705.47,707.16 2 1
github.com/adamancini/obsidian-notion-sync/internal/cli/watch.go:707.16,709.3 1 1
github.com/adamancini/obsidian-notion-sync/internal/cli/watch.go:711.2,712.16 2 1
github.com/adamancini/obsidian-notion-sync/internal/cli/watch.go:712.16,714.3 1 1
github.com/adamancini/obsidian-notion-sync/internal/cli/watch.go:717.2,718.16 2 1
github.com/adamancini/obsidian-notion-sync/internal/cli/watch.go:718.16,720.3 1 0
github.com/adamancini/obsidian-notion-sync/internal/cli/watch.go:723.2,724.24 2 1
github.com/adamancini/obsidian-notion-sync/internal/cli/watch.go:734.13,736.2 1 1
github.com/adamancini/obsidian-notion-sync/internal/cli/watch.go:738.55,740.16 2 0
github.com/adamancini/obsidian-notion-sync/internal/cli/watch.go:740.16,742.3 1 0
github.com/adamancini/obsidian-notion-sync/internal/cli/watch.go:745.2,746.19 2 0
github.com/adamancini/obsidian-notion-sync/internal/cli/watch.go:746.19,748.3 1 0
github.com/adamancini/obsidian-notion-sync/internal/cli/watch.go:749.2,749.19 1 0
github.com/adamancini/obsidian-notion-sync/internal/cli/watch.go:749.19,750.67 1 0
github.com/adamancini/obsidian-notion-sync/internal/cli/watch.go:750.67,752.4 1 0
github.com/adamancini/obsidian-notion-sync/internal/cli/watch.go:752.9,754.4 1 0
github.com/adamancini/obsidian-notion-sync/internal/cli/watch.go:757.2,758.14 2 0
github.com/adamancini/obsidian-notion-sync/internal/cli/watch.go:758.14,761.3 2 0
github.com/adamancini/obsidian-notion-sync/internal/cli/watch.go:764.2,765.16 2 0
github.com/adamancini/obsidian-notion-sync/internal/cli/watch.go:765.16,767.3 1 0
github.com/adamancini/obsidian-notion-sync/internal/cli/watch.go:769.2,769.56 1 0
github.com/adamancini/obsidian-notion-sync/internal/cli/watch.go:769.56,771.3 1 0
github.com/adamancini/obsidian-notion-sync/internal/cli/watch.go:773.2,774.12 2 0
github.com/adamancini/obsidian-notion-sync/internal/cli/watch.go:784.13,786.2 1 1
github.com/adamancini/obsidian-notion-sync/internal/cli/watch.go:788.62,790.16 2 0
github.com/adamancini/obsidian-notion-sync/internal/cli/watch.go:790.16,792.3 1 0
github.com/adamancini/obsidian-notion-sync/internal/cli/watch.go:795.2,796.19 2 0
github.com/adamancini/obsidian-notion-sync/internal/cli/watch.go:796.19,798.3 1 0
github.com/adamancini/obsidian-notion-sync/internal/cli/watch.go:799.2,799.19 1 0
github.com/adamancini/obsidian-notion-sync/internal/cli/watch.go:799.19,800.67 1 0
github.com/adamancini/obsidian-notion-sync/internal/cli/watch.go:800.67,802.4 1 0
github.com/adamancini/obsidian-notion-sync/internal/cli/watch.go:802.9,804.4 1 0
github.com/adamancini/obsidian-notion-sync/internal/cli/watch.go:807.2,808.13 2 0
github.com/adamancini/obsidian-notion-sync/internal/cli/watch.go:808.13,810.3 1 0
github.com/adamancini/obsidian-notion-sync/internal/cli/watch.go:810.8,812.3 1 0
github.com/adamancini/obsidian-notion-sync/internal/cli/watch.go:813.2,813.12 1 0
